Header length: 162
SP20305_DMSO_TBstyle
20240617-test_SP20305_DMSO
length of good features is: 151
Unpack histograms
{'K20', 'M10', 'N16', 'I14', 'D19', 'A10', 'E5', 'B13', 'A5', 'O19', 'C19', 'H11', 'N13', 'K5', 'P6', 'K9', 'B12', 'A4', 'B4', 'P2', 'C9', 'P19', 'K1', 'J10', 'M9', 'O9', 'F14', 'G22', 'N10', 'A13', 'K12', 'D9', 'M8', 'D8', 'C5', 'L9', 'J22', 'J21', 'E20', 'N14', 'C8', 'A8', 'N1', 'G4', 'L6', 'I7', 'P1', 'P16', 'F8', 'G14', 'K4', 'E10', 'O8', 'K6', 'A18', 'G3', 'F11', 'P21', 'M22', 'A22', 'B17', 'B3', 'C6', 'D5', 'D15', 'H18', 'J23', 'F19', 'N11', 'C15', 'I6', 'M2', 'O22', 'J15', 'J9', 'I18', 'N2', 'H12', 'F7', 'I11', 'C24', 'F15', 'H22', 'E7', 'B11', 'E9', 'C2', 'N4', 'E17', 'A23', 'J11', 'E24', 'K19', 'F23', 'N15', 'D3', 'O11', 'F21', 'J6', 'P5', 'E23', 'N19', 'N12', 'E8', 'J2', 'B15', 'B1', 'O15', 'N20', 'B19', 'A2', 'F16', 'G19', 'J19', 'B21', 'K2', 'B18', 'L19', 'O13', 'J17', 'B6', 'K14', 'M7', 'I21', 'I12', 'C3', 'H8', 'D10', 'C23', 'A12', 'K15', 'F10', 'B16', 'G9', 'O2', 'A24', 'A15', 'H14', 'F17', 'D4', 'O16', 'C17', 'H19', 'L5', 'I19', 'L3', 'D16', 'E12', 'H21', 'F13', 'G1', 'P10', 'M18', 'P15', 'O12', 'A11', 'A17', 'P3', 'O7', 'C7', 'G13', 'O18', 'I4', 'D21', 'I16', 'M5', 'E14', 'J5', 'M16', 'E3', 'G24', 'B5', 'M13', 'N21', 'F2', 'P24', 'F3', 'I9', 'N7', 'E18', 'C16', 'J16', 'C4', 'H6', 'A20', 'A1', 'K18', 'A7', 'F1', 'M12', 'I10', 'A21', 'M24', 'F24', 'H15', 'F9', 'G23', 'M6', 'O17', 'D11', 'G7', 'H2', 'I13', 'M3', 'A3', 'A6', 'P23', 'J8', 'K16', 'L7', 'N6', 'N24', 'I8', 'H4', 'H23', 'O20', 'E11', 'D18', 'J3', 'O14', 'L20', 'F20', 'D17', 'K8', 'E2', 'P12', 'B14', 'K10', 'M21', 'D1', 'D20', 'I3', 'D24', 'M11', 'M20', 'N18', 'D7', 'P20', 'C13', 'I1', 'L4', 'M15', 'O6', 'D23', 'P9', 'A14', 'M14', 'F4', 'N8', 'F22', 'G10', 'N23', 'L23', 'C14', 'C20', 'K11', 'C21', 'B22', 'F6', 'J4', 'G2', 'C18', 'O5', 'C1', 'F18', 'E13', 'H17', 'J18', 'L24', 'G16', 'A19', 'D6', 'K23', 'K13', 'L14', 'J14', 'L11', 'H9', 'P18', 'G15', 'O23', 'M1', 'O21', 'B20', 'H1', 'H24', 'H5', 'G5', 'C22', 'L1', 'K24', 'C10', 'E4', 'K21', 'P14', 'P13', 'J1', 'N17', 'J24', 'I5', 'I17', 'K22', 'P8', 'D13', 'I20', 'J13', 'P22', 'G20', 'G6', 'E1', 'P4', 'G21', 'N5', 'L22', 'P11', 'G18', 'E22', 'O10', 'D2', 'M19', 'G8', 'D22', 'F12', 'I15', 'E19', 'G17', 'L21', 'L12', 'B24', 'N22', 'B23', 'J12', 'N9', 'M4', 'E16', 'J7', 'L15', 'E21', 'B10', 'M23', 'K17', 'B2', 'L18', 'E6', 'I2', 'L13', 'D14', 'L17', 'C11', 'I23', 'I24', 'L8', 'B7', 'O3', 'O24', 'H10', 'H3', 'N3', 'D12', 'C12', 'E15', 'L16', 'L2', 'K3', 'H16', 'O1', 'J20', 'I22', 'H13', 'A9', 'B9', 'L10', 'B8', 'F5', 'H20', 'K7', 'M17', 'P17', 'H7', 'A16', 'P7', 'G11', 'G12', 'O4'} ['A1', 'A2', 'A3', 'A4', 'A5', 'A6', 'A7', 'A8', 'A9', 'A10', 'A11', 'A12', 'A13', 'A14', 'A15', 'A16', 'A17', 'A18', 'A19', 'A20', 'A21', 'A22', 'A23', 'A24', 'B1', 'B2', 'B3', 'B4', 'B5', 'B6', 'B7', 'B8', 'B9', 'B10', 'B11', 'B12', 'B13', 'B14', 'B15', 'B16', 'B17', 'B18', 'B19', 'B20', 'B21', 'B22', 'B23', 'B24', 'C1', 'C2', 'C3', 'C4', 'C5', 'C6', 'C7', 'C8', 'C9', 'C10', 'C11', 'C12', 'C13', 'C14', 'C15', 'C16', 'C17', 'C18', 'C19', 'C20', 'C21', 'C22', 'C23', 'C24', 'D1', 'D2', 'D3', 'D4', 'D5', 'D6', 'D7', 'D8', 'D9', 'D10', 'D11', 'D12', 'D13', 'D14', 'D15', 'D16', 'D17', 'D18', 'D19', 'D20', 'D21', 'D22', 'D23', 'D24', 'E1', 'E2', 'E3', 'E4', 'E5', 'E6', 'E7', 'E8', 'E9', 'E10', 'E11', 'E12', 'E13', 'E14', 'E15', 'E16', 'E17', 'E18', 'E19', 'E20', 'E21', 'E22', 'E23', 'E24', 'F1', 'F2', 'F3', 'F4', 'F5', 'F6', 'F7', 'F8', 'F9', 'F10', 'F11', 'F12', 'F13', 'F14', 'F15', 'F16', 'F17', 'F18', 'F19', 'F20', 'F21', 'F22', 'F23', 'F24', 'G1', 'G2', 'G3', 'G4', 'G5', 'G6', 'G7', 'G8', 'G9', 'G10', 'G11', 'G12', 'G13', 'G14', 'G15', 'G16', 'G17', 'G18', 'G19', 'G20', 'G21', 'G22', 'G23', 'G24', 'H1', 'H2', 'H3', 'H4', 'H5', 'H6', 'H7', 'H8', 'H9', 'H10', 'H11', 'H12', 'H13', 'H14', 'H15', 'H16', 'H17', 'H18', 'H19', 'H20', 'H21', 'H22', 'H23', 'H24', 'I1', 'I2', 'I3', 'I4', 'I5', 'I6', 'I7', 'I8', 'I9', 'I10', 'I11', 'I12', 'I13', 'I14', 'I15', 'I16', 'I17', 'I18', 'I19', 'I20', 'I21', 'I22', 'I23', 'I24', 'J1', 'J2', 'J3', 'J4', 'J5', 'J6', 'J7', 'J8', 'J9', 'J10', 'J11', 'J12', 'J13', 'J14', 'J15', 'J16', 'J17', 'J18', 'J19', 'J20', 'J21', 'J22', 'J23', 'J24', 'K1', 'K2', 'K3', 'K4', 'K5', 'K6', 'K7', 'K8', 'K9', 'K10', 'K11', 'K12', 'K13', 'K14', 'K15', 'K16', 'K17', 'K18', 'K19', 'K20', 'K21', 'K22', 'K23', 'K24', 'L1', 'L2', 'L3', 'L4', 'L5', 'L6', 'L7', 'L8', 'L9', 'L10', 'L11', 'L12', 'L13', 'L14', 'L15', 'L16', 'L17', 'L18', 'L19', 'L20', 'L21', 'L22', 'L23', 'L24', 'M1', 'M2', 'M3', 'M4', 'M5', 'M6', 'M7', 'M8', 'M9', 'M10', 'M11', 'M12', 'M13', 'M14', 'M15', 'M16', 'M17', 'M18', 'M19', 'M20', 'M21', 'M22', 'M23', 'M24', 'N1', 'N2', 'N3', 'N4', 'N5', 'N6', 'N7', 'N8', 'N9', 'N10', 'N11', 'N12', 'N13', 'N14', 'N15', 'N16', 'N17', 'N18', 'N19', 'N20', 'N21', 'N22', 'N23', 'N24', 'O1', 'O2', 'O3', 'O4', 'O5', 'O6', 'O7', 'O8', 'O9', 'O10', 'O11', 'O12', 'O13', 'O14', 'O15', 'O16', 'O17', 'O18', 'O19', 'O20', 'O21', 'O22', 'O23', 'O24', 'P1', 'P2', 'P3', 'P4', 'P5', 'P6', 'P7', 'P8', 'P9', 'P10', 'P11', 'P12', 'P13', 'P14', 'P15', 'P16', 'P17', 'P18', 'P19', 'P20', 'P21', 'P22', 'P23', 'P24']
(384, 151)
Add vehicle control to histogram table
Smooth histograms
Normalize histograms
Drop vehicle control from HistDiff score table
	Command being timed: "./runHistDiff.sh /csc/data/halo384/cyto_process/temp/hd_dumps/MX5022.txt /csc/data/halo384/cyto_process/temp/hd_entries/BenchmarkRun.csv /csc/data/halo384/cyto/cytoDumps/.fileLog"
	User time (seconds): 86.16
	System time (seconds): 9.44
	Percent of CPU this job got: 107%
	Elapsed (wall clock) time (h:mm:ss or m:ss): 1:29.22
	Average shared text size (kbytes): 0
	Average unshared data size (kbytes): 0
	Average stack size (kbytes): 0
	Average total size (kbytes): 0
	Maximum resident set size (kbytes): 521944
	Average resident set size (kbytes): 0
	Major (requiring I/O) page faults: 6
	Minor (reclaiming a frame) page faults: 1132481
	Voluntary context switches: 499
	Involuntary context switches: 10821
	Swaps: 0
	File system inputs: 5787198
	File system outputs: 1685780
	Socket messages sent: 0
	Socket messages received: 0
	Signals delivered: 0
	Page size (bytes): 4096
	Exit status: 0
